<?xml version="1.0" encoding="UTF-8" ?>
<testsuite tests="9" failures="2" name="TestSuite" time="422.733" errors="0" skipped="7">
  <properties>
    <property name="java.runtime.name" value="Java(TM) SE Runtime Environment"/>
    <property name="sun.boot.library.path" value="C:\Program Files\Java\jdk1.8.0_151\jre\bin"/>
    <property name="java.vm.version" value="25.151-b12"/>
    <property name="java.vm.vendor" value="Oracle Corporation"/>
    <property name="maven.multiModuleProjectDirectory" value="C:\Users\User.QASPL-32\git\MagentoRepo"/>
    <property name="java.vendor.url" value="http://java.oracle.com/"/>
    <property name="path.separator" value=";"/>
    <property name="guice.disable.misplaced.annotation.check" value="true"/>
    <property name="java.vm.name" value="Java HotSpot(TM) 64-Bit Server VM"/>
    <property name="file.encoding.pkg" value="sun.io"/>
    <property name="user.script" value=""/>
    <property name="user.country" value="IN"/>
    <property name="sun.java.launcher" value="SUN_STANDARD"/>
    <property name="sun.os.patch.level" value="Service Pack 1"/>
    <property name="java.vm.specification.name" value="Java Virtual Machine Specification"/>
    <property name="user.dir" value="C:\Users\User.QASPL-32\git\MagentoRepo"/>
    <property name="java.runtime.version" value="1.8.0_151-b12"/>
    <property name="java.awt.graphicsenv" value="sun.awt.Win32GraphicsEnvironment"/>
    <property name="java.endorsed.dirs" value="C:\Program Files\Java\jdk1.8.0_151\jre\lib\endorsed"/>
    <property name="os.arch" value="amd64"/>
    <property name="java.io.tmpdir" value="C:\Users\USER~1.QAS\AppData\Local\Temp\"/>
    <property name="line.separator" value="
"/>
    <property name="java.vm.specification.vendor" value="Oracle Corporation"/>
    <property name="user.variant" value=""/>
    <property name="os.name" value="Windows 7"/>
    <property name="classworlds.conf" value="C:\Users\User.QASPL-32\eclipse-workspace\.metadata\.plugins\org.eclipse.m2e.launching\launches\m2conf8561339287862781561.tmp"/>
    <property name="sun.jnu.encoding" value="Cp1252"/>
    <property name="java.library.path" value="C:\Program Files\Java\jdk1.8.0_151\bin;C:\Windows\Sun\Java\bin;C:\Windows\system32;C:\Windows;C:/Program Files/Java/jre1.8.0_181/bin/server;C:/Program Files/Java/jre1.8.0_181/bin;C:/Program Files/Java/jre1.8.0_181/lib/amd64;C:\Program Files (x86)\Google\Chrome\Application;C:\Program Files (x86)\Common Files\Oracle\Java\javapath;C:\ProgramData\Oracle\Java\javapath;C:\Windows\system32;C:\Windows;C:\Windows\System32\Wbem;C:\Windows\System32\WindowsPowerShell\v1.0\;C:\Program Files (x86)\Google\Cloud SDK\google-cloud-sdk\bin;C:\Program Files\Microsoft SQL Server\Client SDK\ODBC\110\Tools\Binn\;C:\Program Files (x86)\Microsoft SQL Server\120\Tools\Binn\ManagementStudio\;C:\Program Files (x86)\Microsoft SQL Server\120\Tools\Binn\;C:\Program Files\Microsoft SQL Server\120\Tools\Binn\;C:\Program Files (x86)\Microsoft SQL Server\120\DTS\Binn\;C:\Program Files\Microsoft SQL Server\120\DTS\Binn\;C:\Program Files (x86)\Microsoft SQL Server\100\Tools\Binn\;C:\Program Files\Microsoft SQL Server\100\Tools\Binn\;C:\Program Files\Microsoft SQL Server\100\DTS\Binn\;C:\Program Files (x86)\Microsoft SQL Server\100\Tools\Binn\VSShell\Common7\IDE\;C:\Program Files (x86)\Microsoft Visual Studio 9.0\Common7\IDE\PrivateAssemblies\;C:\Program Files (x86)\Microsoft SQL Server\100\DTS\Binn\;C:\Program Files (x86)\Jitterbit Agent\bin;C:\Program Files (x86)\Jitterbit Agent\axis\lib;C:\Program Files\PuTTY\;C:\Program Files\Java\jdk1.8.0_151\bin;C:\Program Files (x86)\Apache Software Foundation\apache-maven-3.5.2\bin;C:\Program Files\Git\cmd;C:\Python27;C:\Program Files\Java\spring-1.5.9.RELEASE\bin;C:\Program Files\nodejs\;C:\Python27\Scripts;C:\Program Files (x86)\MySQL\MySQL Server 5.0\bin;C:\Program Files (x86)\Apache Software Foundation\apache-maven-3.5.2\bin;C:\Program Files (x86)\scala\bin;C:\Users\User.QASPL-32\Downloads;;."/>
    <property name="java.specification.name" value="Java Platform API Specification"/>
    <property name="java.class.version" value="52.0"/>
    <property name="sun.management.compiler" value="HotSpot 64-Bit Tiered Compilers"/>
    <property name="os.version" value="6.1"/>
    <property name="user.home" value="C:\Users\User.QASPL-32"/>
    <property name="user.timezone" value="Asia/Calcutta"/>
    <property name="java.awt.printerjob" value="sun.awt.windows.WPrinterJob"/>
    <property name="java.specification.version" value="1.8"/>
    <property name="file.encoding" value="Cp1252"/>
    <property name="user.name" value="User"/>
    <property name="java.class.path" value="C:\Users\User.QASPL-32\.p2\pool\plugins\org.eclipse.m2e.maven.runtime_1.10.0.20181127-2120\jars\plexus-classworlds-2.5.2.jar"/>
    <property name="java.vm.specification.version" value="1.8"/>
    <property name="sun.arch.data.model" value="64"/>
    <property name="java.home" value="C:\Program Files\Java\jdk1.8.0_151\jre"/>
    <property name="sun.java.command" value="org.codehaus.plexus.classworlds.launcher.Launcher -B install"/>
    <property name="java.specification.vendor" value="Oracle Corporation"/>
    <property name="user.language" value="en"/>
    <property name="awt.toolkit" value="sun.awt.windows.WToolkit"/>
    <property name="java.vm.info" value="mixed mode"/>
    <property name="java.version" value="1.8.0_151"/>
    <property name="java.ext.dirs" value="C:\Program Files\Java\jdk1.8.0_151\jre\lib\ext;C:\Windows\Sun\Java\lib\ext"/>
    <property name="sun.boot.class.path" value="C:\Program Files\Java\jdk1.8.0_151\jre\lib\resources.jar;C:\Program Files\Java\jdk1.8.0_151\jre\lib\rt.jar;C:\Program Files\Java\jdk1.8.0_151\jre\lib\sunrsasign.jar;C:\Program Files\Java\jdk1.8.0_151\jre\lib\jsse.jar;C:\Program Files\Java\jdk1.8.0_151\jre\lib\jce.jar;C:\Program Files\Java\jdk1.8.0_151\jre\lib\charsets.jar;C:\Program Files\Java\jdk1.8.0_151\jre\lib\jfr.jar;C:\Program Files\Java\jdk1.8.0_151\jre\classes"/>
    <property name="java.vendor" value="Oracle Corporation"/>
    <property name="maven.home" value="C:\Users\User.QASPL-32\git\MagentoRepo\EMBEDDED"/>
    <property name="file.separator" value="\"/>
    <property name="java.vendor.url.bug" value="http://bugreport.sun.com/bugreport/"/>
    <property name="sun.cpu.endian" value="little"/>
    <property name="sun.io.unicode.encoding" value="UnicodeLittle"/>
    <property name="sun.desktop" value="windows"/>
    <property name="sun.cpu.isalist" value="amd64"/>
  </properties>
  <testcase classname="com.magento.qa.testcases.ProductComparePageTest" name="setup" time="42.625">
    <failure message="newSession
Build info: version: &apos;3.12.0&apos;, revision: &apos;7c6e0b3&apos;, time: &apos;2018-05-08T14:04:26.12Z&apos;
System info: host: &apos;QASPL-32&apos;, ip: &apos;192.168.0.234&apos;, os.name: &apos;Windows 7&apos;, os.arch: &apos;amd64&apos;, os.version: &apos;6.1&apos;, java.version: &apos;1.8.0_151&apos;
Driver info: driver.version: FirefoxDriver
remote stacktrace: WebDriverError@chrome://marionette/content/error.js:178:5
UnknownCommandError@chrome://marionette/content/error.js:472:5
despatch@chrome://marionette/content/server.js:283:13
execute@chrome://marionette/content/server.js:264:11
onPacket/&lt;@chrome://marionette/content/server.js:237:15
onPacket@chrome://marionette/content/server.js:236:8
_onJSONObjectReady/&lt;@chrome://marionette/content/transport.js:490:9
" type="org.openqa.selenium.WebDriverException">org.openqa.selenium.WebDriverException: newSession
Build info: version: &apos;3.12.0&apos;, revision: &apos;7c6e0b3&apos;, time: &apos;2018-05-08T14:04:26.12Z&apos;
System info: host: &apos;QASPL-32&apos;, ip: &apos;192.168.0.234&apos;, os.name: &apos;Windows 7&apos;, os.arch: &apos;amd64&apos;, os.version: &apos;6.1&apos;, java.version: &apos;1.8.0_151&apos;
Driver info: driver.version: FirefoxDriver
remote stacktrace: WebDriverError@chrome://marionette/content/error.js:178:5
UnknownCommandError@chrome://marionette/content/error.js:472:5
despatch@chrome://marionette/content/server.js:283:13
execute@chrome://marionette/content/server.js:264:11
onPacket/&lt;@chrome://marionette/content/server.js:237:15
onPacket@chrome://marionette/content/server.js:236:8
_onJSONObjectReady/&lt;@chrome://marionette/content/transport.js:490:9

	at sun.reflect.NativeConstructorAccessorImpl.newInstance0(Native Method)
	at sun.reflect.NativeConstructorAccessorImpl.newInstance(NativeConstructorAccessorImpl.java:62)
	at sun.reflect.DelegatingConstructorAccessorImpl.newInstance(DelegatingConstructorAccessorImpl.java:45)
	at java.lang.reflect.Constructor.newInstance(Constructor.java:423)
	at org.openqa.selenium.remote.W3CHandshakeResponse.lambda$new$0(W3CHandshakeResponse.java:57)
	at org.openqa.selenium.remote.W3CHandshakeResponse.lambda$getResponseFunction$2(W3CHandshakeResponse.java:104)
	at org.openqa.selenium.remote.ProtocolHandshake.lambda$createSession$0(ProtocolHandshake.java:123)
	at java.util.stream.ReferencePipeline$3$1.accept(ReferencePipeline.java:193)
	at java.util.Spliterators$ArraySpliterator.tryAdvance(Spliterators.java:958)
	at java.util.stream.ReferencePipeline.forEachWithCancel(ReferencePipeline.java:126)
	at java.util.stream.AbstractPipeline.copyIntoWithCancel(AbstractPipeline.java:498)
	at java.util.stream.AbstractPipeline.copyInto(AbstractPipeline.java:485)
	at java.util.stream.AbstractPipeline.wrapAndCopyInto(AbstractPipeline.java:471)
	at java.util.stream.FindOps$FindOp.evaluateSequential(FindOps.java:152)
	at java.util.stream.AbstractPipeline.evaluate(AbstractPipeline.java:234)
	at java.util.stream.ReferencePipeline.findFirst(ReferencePipeline.java:464)
	at org.openqa.selenium.remote.ProtocolHandshake.createSession(ProtocolHandshake.java:126)
	at org.openqa.selenium.remote.ProtocolHandshake.createSession(ProtocolHandshake.java:73)
	at org.openqa.selenium.remote.HttpCommandExecutor.execute(HttpCommandExecutor.java:136)
	at org.openqa.selenium.remote.service.DriverCommandExecutor.execute(DriverCommandExecutor.java:83)
	at org.openqa.selenium.remote.RemoteWebDriver.execute(RemoteWebDriver.java:543)
	at org.openqa.selenium.remote.RemoteWebDriver.startSession(RemoteWebDriver.java:207)
	at org.openqa.selenium.remote.RemoteWebDriver.&lt;init&gt;(RemoteWebDriver.java:130)
	at org.openqa.selenium.firefox.FirefoxDriver.&lt;init&gt;(FirefoxDriver.java:125)
	at org.openqa.selenium.firefox.FirefoxDriver.&lt;init&gt;(FirefoxDriver.java:103)
	at com.magento.qa.base.TestBase.initialization(TestBase.java:55)
	at com.magento.qa.testcases.ProductComparePageTest.setup(ProductComparePageTest.java:35)
</failure>
    <system-out>Configuring TestNG with: org.apache.maven.surefire.testng.conf.TestNG652Configurator@4cc77c2e
</system-out>
    <system-err>1550581655469	geckodriver	INFO	geckodriver 0.19.1
1550581655483	geckodriver	INFO	Listening on 127.0.0.1:2563
1550581656760	mozrunner::runner	INFO	Running command: &quot;C://Users//User.QASPL-32//AppData//Local//Mozilla Firefox//firefox.exe&quot; &quot;-marionette&quot; &quot;-profile&quot; &quot;C:\\Users\\USER~1.QAS\\AppData\\Local\\Temp\\rust_mozprofile.A2apJCdQv9L2&quot;
1550581663489	addons.webextension.screenshots@mozilla.org	WARN	Loading extension &apos;screenshots@mozilla.org&apos;: Reading manifest: Invalid host permission: resource://pdf.js/
1550581663489	addons.webextension.screenshots@mozilla.org	WARN	Loading extension &apos;screenshots@mozilla.org&apos;: Reading manifest: Invalid host permission: about:reader*
1550581663824	Marionette	DEBUG	Received observer notification profile-after-change
1550581664959	Marionette	DEBUG	Received observer notification toplevel-window-ready
1550581665407	Marionette	DEBUG	Received observer notification command-line-startup
1550581665407	Marionette	DEBUG	Received observer notification nsPref:changed
1550581665407	Marionette	DEBUG	Init aborted (running=false, enabled=true, finalUIStartup=false)
1550581668222	Marionette	DEBUG	Received observer notification toplevel-window-ready
1550581681906	Marionette	DEBUG	Received observer notification sessionstore-windows-restored
1550581681906	Marionette	DEBUG	GFX sanity window detected, waiting until it has been closed...
1550581683139	Marionette	DEBUG	Received observer notification domwindowclosed
1550581683139	Marionette	DEBUG	Waiting for delayed startup...
1550581684928	Marionette	DEBUG	Setting recommended pref app.update.disabledForTesting to true
1550581684928	Marionette	DEBUG	Setting recommended pref security.turn_off_all_security_so_that_viruses_can_take_over_this_computer to true
1550581684928	Marionette	DEBUG	Setting recommended pref browser.contentblocking.introCount to 99
1550581684931	Marionette	DEBUG	Setting recommended pref toolkit.cosmeticAnimations.enabled to false
1550581684931	Marionette	DEBUG	Setting recommended pref datareporting.policy.dataSubmissionPolicyAccepted to false
1550581684931	Marionette	DEBUG	Setting recommended pref dom.disable_beforeunload to true
1550581687593	Marionette	INFO	Listening on port 65035
1550581687594	Marionette	DEBUG	Remote service is active
1550581688598	Marionette	DEBUG	Accepted connection 0 from 127.0.0.1:65096
1550581688606	Marionette	TRACE	0 -&gt; [0,1,&quot;newSession&quot;,{&quot;acceptInsecureCerts&quot;:true,&quot;browserName&quot;:&quot;firefox&quot;,&quot;capabilities&quot;:{&quot;desiredCapabilities&quot;:{&quot;acceptInsecureCerts&quot;:true,&quot;browserName&quot;:&quot;firefox&quot;}}}]
1550581688606	Marionette	TRACE	0 &lt;- [1,1,{&quot;error&quot;:&quot;unknown command&quot;,&quot;message&quot;:&quot;newSession&quot;,&quot;stacktrace&quot;:&quot;WebDriverError@chrome://marionette/content/error.js:178: ... et@chrome://marionette/content/server.js:236:8\n_onJSONObjectReady/&lt;@chrome://marionette/content/transport.js:490:9\n&quot;},null]

###!!! [Parent][MessageChannel] Error: (msgtype=0x2E000B,name=PCompositorWidget::Msg_UnobserveVsync) Channel error: cannot send/recv

[Child 10720, Chrome_ChildThread] WARNING: pipe error: 232: file z:/build/build/src/ipc/chromium/src/chrome/common/ipc_channel_win.cc, line 513
Feb 19, 2019 6:38:10 PM org.openqa.selenium.remote.ErrorCodes toStatus
INFO: HTTP Status: &apos;404&apos; -&gt; incorrect JSON status mapping for &apos;unknown error&apos; (500 expected)
</system-err>
  </testcase>
  <testcase classname="com.magento.qa.testcases.ProductComparePageTest" name="verifyCloseBtnTest" time="42.63">
    <skipped/>
  </testcase>
  <testcase classname="com.magento.qa.testcases.ProductComparePageTest" name="tearDown" time="42.63">
    <skipped/>
  </testcase>
  <testcase classname="com.magento.qa.testcases.ProductComparePageTest" name="setup" time="42.63">
    <skipped/>
  </testcase>
  <testcase classname="com.magento.qa.testcases.ProductComparePageTest" name="verifyCompareProductsTest" time="42.63">
    <skipped/>
  </testcase>
  <testcase classname="com.magento.qa.testcases.ProductComparePageTest" name="tearDown" time="42.63">
    <skipped/>
  </testcase>
  <testcase classname="com.magento.qa.testcases.MobileDetailPageTest" name="setup" time="55.652">
    <failure message="newSession
Build info: version: &apos;3.12.0&apos;, revision: &apos;7c6e0b3&apos;, time: &apos;2018-05-08T14:04:26.12Z&apos;
System info: host: &apos;QASPL-32&apos;, ip: &apos;192.168.0.234&apos;, os.name: &apos;Windows 7&apos;, os.arch: &apos;amd64&apos;, os.version: &apos;6.1&apos;, java.version: &apos;1.8.0_151&apos;
Driver info: driver.version: FirefoxDriver
remote stacktrace: WebDriverError@chrome://marionette/content/error.js:178:5
UnknownCommandError@chrome://marionette/content/error.js:472:5
despatch@chrome://marionette/content/server.js:283:13
execute@chrome://marionette/content/server.js:264:11
onPacket/&lt;@chrome://marionette/content/server.js:237:15
onPacket@chrome://marionette/content/server.js:236:8
_onJSONObjectReady/&lt;@chrome://marionette/content/transport.js:490:9
" type="org.openqa.selenium.WebDriverException">org.openqa.selenium.WebDriverException: newSession
Build info: version: &apos;3.12.0&apos;, revision: &apos;7c6e0b3&apos;, time: &apos;2018-05-08T14:04:26.12Z&apos;
System info: host: &apos;QASPL-32&apos;, ip: &apos;192.168.0.234&apos;, os.name: &apos;Windows 7&apos;, os.arch: &apos;amd64&apos;, os.version: &apos;6.1&apos;, java.version: &apos;1.8.0_151&apos;
Driver info: driver.version: FirefoxDriver
remote stacktrace: WebDriverError@chrome://marionette/content/error.js:178:5
UnknownCommandError@chrome://marionette/content/error.js:472:5
despatch@chrome://marionette/content/server.js:283:13
execute@chrome://marionette/content/server.js:264:11
onPacket/&lt;@chrome://marionette/content/server.js:237:15
onPacket@chrome://marionette/content/server.js:236:8
_onJSONObjectReady/&lt;@chrome://marionette/content/transport.js:490:9

	at sun.reflect.NativeConstructorAccessorImpl.newInstance0(Native Method)
	at sun.reflect.NativeConstructorAccessorImpl.newInstance(NativeConstructorAccessorImpl.java:62)
	at sun.reflect.DelegatingConstructorAccessorImpl.newInstance(DelegatingConstructorAccessorImpl.java:45)
	at java.lang.reflect.Constructor.newInstance(Constructor.java:423)
	at org.openqa.selenium.remote.W3CHandshakeResponse.lambda$new$0(W3CHandshakeResponse.java:57)
	at org.openqa.selenium.remote.W3CHandshakeResponse.lambda$getResponseFunction$2(W3CHandshakeResponse.java:104)
	at org.openqa.selenium.remote.ProtocolHandshake.lambda$createSession$0(ProtocolHandshake.java:123)
	at java.util.stream.ReferencePipeline$3$1.accept(ReferencePipeline.java:193)
	at java.util.Spliterators$ArraySpliterator.tryAdvance(Spliterators.java:958)
	at java.util.stream.ReferencePipeline.forEachWithCancel(ReferencePipeline.java:126)
	at java.util.stream.AbstractPipeline.copyIntoWithCancel(AbstractPipeline.java:498)
	at java.util.stream.AbstractPipeline.copyInto(AbstractPipeline.java:485)
	at java.util.stream.AbstractPipeline.wrapAndCopyInto(AbstractPipeline.java:471)
	at java.util.stream.FindOps$FindOp.evaluateSequential(FindOps.java:152)
	at java.util.stream.AbstractPipeline.evaluate(AbstractPipeline.java:234)
	at java.util.stream.ReferencePipeline.findFirst(ReferencePipeline.java:464)
	at org.openqa.selenium.remote.ProtocolHandshake.createSession(ProtocolHandshake.java:126)
	at org.openqa.selenium.remote.ProtocolHandshake.createSession(ProtocolHandshake.java:73)
	at org.openqa.selenium.remote.HttpCommandExecutor.execute(HttpCommandExecutor.java:136)
	at org.openqa.selenium.remote.service.DriverCommandExecutor.execute(DriverCommandExecutor.java:83)
	at org.openqa.selenium.remote.RemoteWebDriver.execute(RemoteWebDriver.java:543)
	at org.openqa.selenium.remote.RemoteWebDriver.startSession(RemoteWebDriver.java:207)
	at org.openqa.selenium.remote.RemoteWebDriver.&lt;init&gt;(RemoteWebDriver.java:130)
	at org.openqa.selenium.firefox.FirefoxDriver.&lt;init&gt;(FirefoxDriver.java:125)
	at org.openqa.selenium.firefox.FirefoxDriver.&lt;init&gt;(FirefoxDriver.java:103)
	at com.magento.qa.base.TestBase.initialization(TestBase.java:55)
	at com.magento.qa.testcases.MobileDetailPageTest.setup(MobileDetailPageTest.java:30)
</failure>
    <system-err>1550581691112	geckodriver	INFO	geckodriver 0.19.1
1550581691126	geckodriver	INFO	Listening on 127.0.0.1:48007
1550581691508	mozrunner::runner	INFO	Running command: &quot;C://Users//User.QASPL-32//AppData//Local//Mozilla Firefox//firefox.exe&quot; &quot;-marionette&quot; &quot;-profile&quot; &quot;C:\\Users\\USER~1.QAS\\AppData\\Local\\Temp\\rust_mozprofile.rXFtrEkjb9y1&quot;
1550581692473	addons.webextension.screenshots@mozilla.org	WARN	Loading extension &apos;screenshots@mozilla.org&apos;: Reading manifest: Invalid host permission: resource://pdf.js/
1550581692474	addons.webextension.screenshots@mozilla.org	WARN	Loading extension &apos;screenshots@mozilla.org&apos;: Reading manifest: Invalid host permission: about:reader*
1550581692605	Marionette	DEBUG	Received observer notification profile-after-change
1550581692833	Marionette	DEBUG	Received observer notification toplevel-window-ready
1550581692861	Marionette	DEBUG	Received observer notification command-line-startup
1550581692861	Marionette	DEBUG	Received observer notification nsPref:changed
1550581692862	Marionette	DEBUG	Init aborted (running=false, enabled=true, finalUIStartup=false)
1550581694059	Marionette	DEBUG	Received observer notification toplevel-window-ready
console.error: &quot;Could not write session state file &quot; (new Error(&quot;_initWorker called too early! Please read the session file from disk first.&quot;, &quot;resource:///modules/sessionstore/SessionFile.jsm&quot;, 334)) &quot;_initWorker/&lt;@resource:///modules/sessionstore/SessionFile.jsm:334:15\n_initWorker@resource:///modules/sessionstore/SessionFile.jsm:327:12\n_postToWorker@resource:///modules/sessionstore/SessionFile.jsm:351:11\nwrite@resource:///modules/sessionstore/SessionFile.jsm:390:19\nwrite@resource:///modules/sessionstore/SessionFile.jsm:63:12\n_writeState@resource:///modules/sessionstore/SessionSaver.jsm:357:12\n_saveState@resource:///modules/sessionstore/SessionSaver.jsm:295:12\n_saveStateAsync@resource:///modules/sessionstore/SessionSaver.jsm:341:5\nsaveStateAsyncWhenIdle@resource:///modules/sessionstore/SessionSaver.jsm:192:9\n&quot;
1550581702740	Marionette	DEBUG	Received observer notification sessionstore-windows-restored
1550581702740	Marionette	DEBUG	Waiting for delayed startup...
1550581702814	Marionette	DEBUG	Setting recommended pref app.update.disabledForTesting to true
1550581702815	Marionette	DEBUG	Setting recommended pref security.turn_off_all_security_so_that_viruses_can_take_over_this_computer to true
1550581702815	Marionette	DEBUG	Setting recommended pref browser.contentblocking.introCount to 99
1550581702815	Marionette	DEBUG	Setting recommended pref toolkit.cosmeticAnimations.enabled to false
1550581702816	Marionette	DEBUG	Setting recommended pref datareporting.policy.dataSubmissionPolicyAccepted to false
1550581702816	Marionette	DEBUG	Setting recommended pref dom.disable_beforeunload to true
1550581702861	Marionette	INFO	Listening on port 65102
1550581702861	Marionette	DEBUG	Remote service is active
1550581703022	Marionette	DEBUG	Accepted connection 0 from 127.0.0.1:65139
1550581703025	Marionette	TRACE	0 -&gt; [0,1,&quot;newSession&quot;,{&quot;acceptInsecureCerts&quot;:true,&quot;browserName&quot;:&quot;firefox&quot;,&quot;capabilities&quot;:{&quot;desiredCapabilities&quot;:{&quot;acceptInsecureCerts&quot;:true,&quot;browserName&quot;:&quot;firefox&quot;}}}]
1550581703026	Marionette	TRACE	0 &lt;- [1,1,{&quot;error&quot;:&quot;unknown command&quot;,&quot;message&quot;:&quot;newSession&quot;,&quot;stacktrace&quot;:&quot;WebDriverError@chrome://marionette/content/error.js:178: ... et@chrome://marionette/content/server.js:236:8\n_onJSONObjectReady/&lt;@chrome://marionette/content/transport.js:490:9\n&quot;},null]
[Child 2468, Chrome_ChildThread] WARNING: pipe error: 232: file z:/build/build/src/ipc/chromium/src/chrome/common/ipc_channel_win.cc, line 513

###!!! [Parent][MessageChannel] Error: (msgtype=0x2E000B,name=PCompositorWidget::Msg_UnobserveVsync) Channel error: cannot send/recv

Feb 19, 2019 6:38:23 PM org.openqa.selenium.remote.ErrorCodes toStatus
INFO: HTTP Status: &apos;404&apos; -&gt; incorrect JSON status mapping for &apos;unknown error&apos; (500 expected)
</system-err>
  </testcase>
  <testcase classname="com.magento.qa.testcases.MobileDetailPageTest" name="validateMobileDetailTest" time="55.653">
    <skipped/>
  </testcase>
  <testcase classname="com.magento.qa.testcases.MobileDetailPageTest" name="tearDown" time="55.653">
    <skipped/>
  </testcase>
</testsuite>